<?xml version="1.0" encoding="UTF-8"?>
<!-- Generated by org.testng.reporters.JUnitReportReporter -->
<testsuite hostname="Jay" failures="0" tests="1" name="paytm.assignment.AscListTest" time="7.484" errors="0" timestamp="2023-04-02T19:59:16 IST" skipped="0">
  <testcase classname="paytm.assignment.AscListTest" name="getAscData" time="7.484"/>
  <system-out/>
</testsuite> <!-- paytm.assignment.AscListTest -->
